<?xml version="1.0" encoding="UTF-8" ?>
<testsuites>
  <testsuite errors="0" failures="0" hostname="SpookytekiMacBook-Air.local" id="0" name="CustomerFunctionalTests" package="motoranger" tests="1" time="25.458" timestamp="2014-02-14T11:16:15">
      <properties />

      <testcase classname="motoranger.CustomerFunctionalTests" name="testOverallFlow" time="25.458" />

      <system-out><![CDATA[--Output from testOverallFlow--

== Making request GET http://localhost:8080/login/auth parameters: =============
== Request headers: ============================================================
Accept: */*
== Content =====================================================================

================================================================================
Content of web window [TopLevelWindow[name=""]] changed
== Response was 200 (OK) headers: ==============================================
================================================================================
== Content =====================================================================
<!DOCTYPE html>
<html lang="en">
<head>
<meta http-equiv="Content-Type" content="text/html; charset=UTF-8"/>
<meta http-equiv="X-UA-Compatible" content="IE=edge,chrome=1"/>
<title>Login - 線上 Moto 維修記錄</title>
<meta name="viewport" content="width=device-width, initial-scale=1.0"/>
<link rel="shortcut icon" href="/images/favicon.ico?_debugResources=y&amp;n=1392376577999" type="image/x-icon" />
<link rel="apple-touch-icon" href="/images/apple-touch-icon.png?_debugResources=y&amp;n=1392376577999" />
<link rel="apple-touch-icon" sizes="114x114" href="/images/apple-touch-icon-retina.png?_debugResources=y&amp;n=1392376577999" />




	<meta name="layout" content="bootstrap"/>
	
	<style type='text/css' media='screen'>



.form-signin {
    max-width: 330px;
    padding: 15px;
    margin: 0 auto;
}

.form-signin .form-signin-heading,
.form-signin .checkbox {
    margin-bottom: 10px;
}

.form-signin .checkbox {
    font-weight: normal;
}

.form-signin .form-control {
    position: relative;
    font-size: 16px;
    height: auto;
    padding: 10px;
    -webkit-box-sizing: border-box;
    -moz-box-sizing: border-box;
    box-sizing: border-box;
}

.form-signin .form-control:focus {
    z-index: 2;
}

.form-signin input[type="text"] {
    margin-bottom: -1px;
    border-bottom-left-radius: 0;
    border-bottom-right-radius: 0;
}

.form-signin input[type="password"] {
    margin-bottom: 10px;
    border-top-left-radius: 0;
    border-top-right-radius: 0;
} 
	</style>

<script src="/plugins/jquery-1.8.3/js/jquery/jquery-1.8.3.min.js?_debugResources=y&n=1392376577999" type="text/javascript" ></script>
<link href="/plugins/jquery-ui-1.8.24/jquery-ui/themes/ui-lightness/jquery-ui-1.8.24.custom.css?_debugResources=y&n=1392376577999" type="text/css" rel="stylesheet" media="screen, projection" />
<script src="/plugins/jquery-ui-1.8.24/jquery-ui/js/jquery-ui-1.8.24.custom.min.js?_debugResources=y&n=1392376577999" type="text/javascript" ></script>
<link href="/tagit/css/jquery.tagit.css?_debugResources=y&n=1392376577999" type="text/css" rel="stylesheet" media="screen, projection" />
<link href="/tagit/css/tagit.ui-zendesk.css?_debugResources=y&n=1392376577999" type="text/css" rel="stylesheet" media="screen, projection" />
<link href="/bizstrap/rs-plugin/css/settings.css?_debugResources=y&n=1392376577999" type="text/css" rel="stylesheet" media="screen" />
<link href="/bizstrap/css/rs-responsive.css?_debugResources=y&n=1392376577999" type="text/css" rel="stylesheet" media="screen" />
<link href="/bizstrap/css/bootstrap.css?_debugResources=y&n=1392376577999" type="text/css" rel="stylesheet" media="screen, projection" />
<link href="/bizstrap/css/custom.css?_debugResources=y&n=1392376577999" type="text/css" rel="stylesheet" media="screen, projection" />
<link href="/bizstrap/css/isotope.css?_debugResources=y&n=1392376577999" type="text/css" rel="stylesheet" media="screen, projection" />
<link href="/bizstrap/css/flexslider.css?_debugResources=y&n=1392376577999" type="text/css" rel="stylesheet" media="screen, projection" />
<link href="/bizstrap/css/jquery.fancybox.css?v=2.1.0&_debugResources=y&n=1392376577999" type="text/css" rel="stylesheet" media="screen" />
<link href="/css/uploader.css?_debugResources=y&n=1392376577999" type="text/css" rel="stylesheet" media="screen, projection" />
<link href="/css/screen.css?_debugResources=y&n=1392376577999" type="text/css" rel="stylesheet" media="screen, projection" />
<script src="/plugins/modernizr-2.6.2/js/modernizr/modernizr-2.6.2.min.js?_debugResources=y&n=1392376577999" type="text/javascript" ></script>
<!--[if IE 6]><link href="/universal-ie6-css/ie6.1.0.css?_debugResources=y&n=1392376577999" type="text/css" rel="stylesheet" media="screen, projection" /><![endif]-->
<link href="/pagedown/pagedown.css?_debugResources=y&n=1392376577999" type="text/css" rel="stylesheet" media="screen, projection" />
<link href="/bootstrap-ext/datepicker/css/datepicker.css?_debugResources=y&n=1392376577999" type="text/css" rel="stylesheet" media="screen, projection" />
<link href="/css/font-awesome.css?_debugResources=y&n=1392376577999" type="text/css" rel="stylesheet" media="screen, projection" />
<!--[if lte IE 7]><link href="/css/font-awesome-ie7.css?_debugResources=y&n=1392376577999" type="text/css" rel="stylesheet" media="screen, projection" /><![endif]-->




</head>
<body>

  <div id="load" style="position:fixed; top:0; left:0; right:0; bottom:0; background:#fff; z-index:999999;"><span></span></div>
  

  
  <div class="container"></div>
  
  <div id="over">
    <div id="out_container">
      <div class="top_line"></div>
      
      <header>
        


<div class="container">
  <div class="row">
    <div class="col-sm-12 col-md-12">
      <div class="navbar navbar-default">
        <div class="navbar-header"></div>
        <div class="buttons-container"></div>
        <div class="navbar-collapse">
          <ul class="nav nav-pills navbar-nav">
            <li class=" single">
  
                  <li class=' single'>
                    <a href="/">首頁<i>index</i></a>
                  </li>
                  
                
</li>










<li class=" single">
  <a href="/store/index">
    車行清單
    <i>Stores</i>
  </a>
</li>

<li class=" single">
  <a href="/post/portfolio">
    文章
    <i>POST</i>
  </a>
</li>


  <li class=" single">
    <a href="/home/question">
      意見回饋
      <i>suggest</i>
    </a>
  </li>




          </ul>
          <ul class="nav nav-pills navbar-nav pull-right">
            




  
  <li class=" single">
    <a href="/user/create">
       default.register.text
      <i>register</i>
    </a>
  </li>
  <li class="active single">
    <a href="/login/auth">
       default.login.text
      <i>LOGIN</i>
    </a>
  </li>







          </ul>
        </div>
      </div>
    </div>
  </div>
</div>





      </header>


      <div class="main-content">
        
        
<!--[if lt IE 9]>
<div class="ie-alert">
	<h2 class="textalign-center">
		<i class="icon icon-lightbulb icon-red"></i>
		本網站不支援舊版 IE 瀏覽器
	</h2>
	<h2 class="textalign-center">
		<i class="icon icon-lightbulb icon-red"></i>
		建議您立即安裝 Google 提供的瀏覽器升級套件：<a href="http://www.google.com/chromeframe">Chrome Frame</a>
	</h2>
	<h2 class="textalign-center">
		<i class="icon icon-lightbulb icon-red"></i>
		或是取得速度飛快的免費 <a href="http://www.google.com/intl/zh-TW/chrome/browser/">Google Chrome</a> 瀏覽器。
	</h2>	
</div>
<![endif]-->



      	
        <div class="container">
          

<div class="row show-frid">
    <div class="col-sm-12 col-md-12">
        <div id="breadcrumb">
              <ul >
                  <li class="home">default.auth.label</li>

                  <li id="alert_placeholder"></li>
              </ul>
              
              





        </div>

    </div>

</div>




          



  <form class="form-signin" role="form" action='/j_spring_security_check' method='POST' id='login-check' autocomplete='off'>
    <h2 class="form-signin-heading">Please Login</h2>
    <input name="j_username" type="text" class="form-control" placeholder='Username' required autofocus />
    <input name="j_password" type="password" class="form-control" placeholder='Password' required />
    
    <label class="checkbox">
      <input type="checkbox" name='_spring_security_remember_me' value="remember-me" id='remember_me'  />Remember me
    </label>

    <button class="btn btn-lg btn-primary btn-block" type='submit' id="submit">Login</button>
  </form>





        </div>
      </div>
      
      <footer id="footer">
        
        


<div class="footer-top"></div>
<div class="footer-wrapper">
  <div class="container">
    <div class="row show-grid">


          <div class="col-sm-4 col-md-4 footer-right">
            <h4 class="center-title">連結</h4>
            <ul class="footer-navigate">
              <li class=" single">
  
                  <li class=' single'>
                    <a href="/">首頁<i>index</i></a>
                  </li>
                  
                
</li>










<li class=" single">
  <a href="/store/index">
    車行清單
    <i>Stores</i>
  </a>
</li>

<li class=" single">
  <a href="/post/portfolio">
    文章
    <i>POST</i>
  </a>
</li>


  <li class=" single">
    <a href="/home/question">
      意見回饋
      <i>suggest</i>
    </a>
  </li>




            </ul> 
          </div>

          <div class="col-sm-4 col-md-4 footer-center">
            <h4 class="center-title">聯絡我們</h4>
            <p>對系統有任何建議歡迎來信</p>
            <p><i class="icon-envelope"></i>
              Mail:<a class="btn btn-inverse btn-xs" href="mailto:smlsun@gmail.com?subject=MotoRanger-意見回饋"> smlsun@gmail.com</a></p>
          </div>

    </div>
  </div>
</div>


 
        

        <div class="footer-bottom">
          <div class="container">
            <div class="row show-grid">
              <div class="col-sm-12 col-md-12">
                <p>Template by bizstrap power by <a href="http://ccws.co">ccws</a></p>

              </div>
            </div>
          </div>
        </div>
      </footer>



    </div>

  </div>



  

  <script src="/tagit/js/tag-it.js?_debugResources=y&n=1392376577999" type="text/javascript" ></script>
<script src="/bizstrap/js/style-switcher.js?_debugResources=y&n=1392376577999" type="text/javascript" ></script>
<script src="/bizstrap/js/bootstrap.js?_debugResources=y&n=1392376577999" type="text/javascript" ></script>
<script src="/bizstrap/js/jquery.flexslider-min.js?_debugResources=y&n=1392376577999" type="text/javascript" ></script>
<script src="/bizstrap/js/jquery.isotope.js?_debugResources=y&n=1392376577999" type="text/javascript" ></script>
<script src="/bizstrap/js/jquery.fancybox.pack.js?v=2.1.0&_debugResources=y&n=1392376577999" type="text/javascript" ></script>
<script src="/bizstrap/rs-plugin/js/jquery.themepunch.plugins.min.js?_debugResources=y&n=1392376577999" type="text/javascript" ></script>
<script src="/bizstrap/rs-plugin/js/jquery.themepunch.revolution.js?_debugResources=y&n=1392376577999" type="text/javascript" ></script>
<script src="/bizstrap/js/revolution.custom.js?_debugResources=y&n=1392376577999" type="text/javascript" ></script>
<script src="/bizstrap/js/custom.js?_debugResources=y&n=1392376577999" type="text/javascript" ></script>
<script src="/js/fileuploader.js?_debugResources=y&n=1392376577999" type="text/javascript" ></script>
<script src="/jquery-plugins/jquery.migrate.min.js?_debugResources=y&n=1392376577999" type="text/javascript" ></script>
<script src="/jquery-plugins/jquery.textarea.js?_debugResources=y&n=1392376577999" type="text/javascript" ></script>
<script src="/jquery-plugins/jquery.jfontsize.js?_debugResources=y&n=1392376577999" type="text/javascript" ></script>
<script src="/jquery-plugins/jquery.cookie.js?_debugResources=y&n=1392376577999" type="text/javascript" ></script>
<script src="/jquery-plugins/jquery.masonry.js?_debugResources=y&n=1392376577999" type="text/javascript" ></script>
<script src="/jquery-plugins/jquery.lazyload.min.js?_debugResources=y&n=1392376577999" type="text/javascript" ></script>
<script src="/pagedown/Markdown.Converter.js?_debugResources=y&n=1392376577999" type="text/javascript" ></script>
<script src="/pagedown/Markdown.Sanitizer.js?_debugResources=y&n=1392376577999" type="text/javascript" ></script>
<script src="/pagedown/Markdown.Editor.js?_debugResources=y&n=1392376577999" type="text/javascript" ></script>
<script src="/js/common.js?_debugResources=y&n=1392376577999" type="text/javascript" ></script>
<script src="/bootstrap-ext/bootbox/bootbox.min.js?_debugResources=y&n=1392376577999" type="text/javascript" ></script>
<script src="/bootstrap-ext/datepicker/js/bootstrap-datepicker.js?_debugResources=y&n=1392376577999" type="text/javascript" ></script>
<script src="/bootstrap-ext/datepicker/js/locales/bootstrap-datepicker.zh-TW.js?_debugResources=y&n=1392376577999" type="text/javascript" ></script>
<script type="text/javascript">
  (function () {
    if(''!=='') {
      bootstrap_alert.warning('');
    }
  })();
  </script>



</body>
</html>

================================================================================
#Setting value to [customer] on field [name:j_username id:] of form []
Added attribute value with value customer to tag [input] (id: null / name: DomAttr[name=name value=j_username])
Setting value to [customer] on field [name:j_password id:] of form []
Added attribute value with value customer to tag [input] (id: null / name: DomAttr[name=name value=j_password])
Clicked [submit] which resolved to a [class com.gargoylesoftware.htmlunit.html.HtmlButton]
Content of web window [TopLevelWindow[name=""]] changed
Response was a redirect to http://localhost:8080/login/success <<<<<<<<<<<<<<<<<<<<
== Response was 302 (Found) headers: ===========================================
================================================================================
== Content =====================================================================

================================================================================
#
== Making request GET http://localhost:8080/login/success parameters: ==========
== Request headers: ============================================================
Accept: */*
== Content =====================================================================

================================================================================
Content of web window [TopLevelWindow[name=""]] changed
Response was a redirect to http://localhost:8080/home/redirect <<<<<<<<<<<<<<<<<<<<
== Response was 302 (Found) headers: ===========================================
================================================================================
== Content =====================================================================

================================================================================
#Followed redirect to http://localhost:8080/login/success

== Making request GET http://localhost:8080/home/redirect parameters: ==========
== Request headers: ============================================================
Accept: */*
== Content =====================================================================

================================================================================
Content of web window [TopLevelWindow[name=""]] changed
Response was a redirect to http://localhost:8080/user/show/2 <<<<<<<<<<<<<<<<<<<<
== Response was 302 (Found) headers: ===========================================
================================================================================
== Content =====================================================================

================================================================================
#Followed redirect to http://localhost:8080/home/redirect

== Making request GET http://localhost:8080/user/show/2 parameters: ============
== Request headers: ============================================================
Accept: */*
== Content =====================================================================

================================================================================
Content of web window [TopLevelWindow[name=""]] changed
== Response was 200 (OK) headers: ==============================================
================================================================================
== Content =====================================================================
<!DOCTYPE html>
<html lang="en">
<head>
<meta http-equiv="Content-Type" content="text/html; charset=UTF-8"/>
<meta http-equiv="X-UA-Compatible" content="IE=edge,chrome=1"/>
<title>motoranger - 線上 Moto 維修記錄</title>
<meta name="viewport" content="width=device-width, initial-scale=1.0"/>
<link rel="shortcut icon" href="/images/favicon.ico?_debugResources=y&amp;n=1392376577999" type="image/x-icon" />
<link rel="apple-touch-icon" href="/images/apple-touch-icon.png?_debugResources=y&amp;n=1392376577999" />
<link rel="apple-touch-icon" sizes="114x114" href="/images/apple-touch-icon-retina.png?_debugResources=y&amp;n=1392376577999" />




<meta name="layout" content="bootstrap">


<script src="/plugins/jquery-1.8.3/js/jquery/jquery-1.8.3.min.js?_debugResources=y&n=1392376577999" type="text/javascript" ></script>
<link href="/plugins/jquery-ui-1.8.24/jquery-ui/themes/ui-lightness/jquery-ui-1.8.24.custom.css?_debugResources=y&n=1392376577999" type="text/css" rel="stylesheet" media="screen, projection" />
<script src="/plugins/jquery-ui-1.8.24/jquery-ui/js/jquery-ui-1.8.24.custom.min.js?_debugResources=y&n=1392376577999" type="text/javascript" ></script>
<link href="/tagit/css/jquery.tagit.css?_debugResources=y&n=1392376577999" type="text/css" rel="stylesheet" media="screen, projection" />
<link href="/tagit/css/tagit.ui-zendesk.css?_debugResources=y&n=1392376577999" type="text/css" rel="stylesheet" media="screen, projection" />
<link href="/bizstrap/rs-plugin/css/settings.css?_debugResources=y&n=1392376577999" type="text/css" rel="stylesheet" media="screen" />
<link href="/bizstrap/css/rs-responsive.css?_debugResources=y&n=1392376577999" type="text/css" rel="stylesheet" media="screen" />
<link href="/bizstrap/css/bootstrap.css?_debugResources=y&n=1392376577999" type="text/css" rel="stylesheet" media="screen, projection" />
<link href="/bizstrap/css/custom.css?_debugResources=y&n=1392376577999" type="text/css" rel="stylesheet" media="screen, projection" />
<link href="/bizstrap/css/isotope.css?_debugResources=y&n=1392376577999" type="text/css" rel="stylesheet" media="screen, projection" />
<link href="/bizstrap/css/flexslider.css?_debugResources=y&n=1392376577999" type="text/css" rel="stylesheet" media="screen, projection" />
<link href="/bizstrap/css/jquery.fancybox.css?v=2.1.0&_debugResources=y&n=1392376577999" type="text/css" rel="stylesheet" media="screen" />
<link href="/css/uploader.css?_debugResources=y&n=1392376577999" type="text/css" rel="stylesheet" media="screen, projection" />
<link href="/css/screen.css?_debugResources=y&n=1392376577999" type="text/css" rel="stylesheet" media="screen, projection" />
<script src="/plugins/modernizr-2.6.2/js/modernizr/modernizr-2.6.2.min.js?_debugResources=y&n=1392376577999" type="text/javascript" ></script>
<!--[if IE 6]><link href="/universal-ie6-css/ie6.1.0.css?_debugResources=y&n=1392376577999" type="text/css" rel="stylesheet" media="screen, projection" /><![endif]-->
<link href="/pagedown/pagedown.css?_debugResources=y&n=1392376577999" type="text/css" rel="stylesheet" media="screen, projection" />
<link href="/bootstrap-ext/datepicker/css/datepicker.css?_debugResources=y&n=1392376577999" type="text/css" rel="stylesheet" media="screen, projection" />
<link href="/css/font-awesome.css?_debugResources=y&n=1392376577999" type="text/css" rel="stylesheet" media="screen, projection" />
<!--[if lte IE 7]><link href="/css/font-awesome-ie7.css?_debugResources=y&n=1392376577999" type="text/css" rel="stylesheet" media="screen, projection" /><![endif]-->




</head>
<body>

  <div id="load" style="position:fixed; top:0; left:0; right:0; bottom:0; background:#fff; z-index:999999;"><span></span></div>
  

  
  <div class="container"></div>
  
  <div id="over">
    <div id="out_container">
      <div class="top_line"></div>
      
      <header>
        


<div class="container">
  <div class="row">
    <div class="col-sm-12 col-md-12">
      <div class="navbar navbar-default">
        <div class="navbar-header"></div>
        <div class="buttons-container"></div>
        <div class="navbar-collapse">
          <ul class="nav nav-pills navbar-nav">
            <li class="active single">
  
                <li class='active single'>
                    <a href="/user/show/2" id="user-show">個人<i>index</i></a>
                </li>
                
                
</li>


  

  <li class=" single">
    <a href="/part/index" id="part-index">
      part.label
      <i>store</i>
    </a>
  </li>










<li class=" single">
  <a href="/store/index">
    車行清單
    <i>Stores</i>
  </a>
</li>

<li class=" single">
  <a href="/post/portfolio">
    文章
    <i>POST</i>
  </a>
</li>


  <li class=" single">
    <a href="/home/question">
      意見回饋
      <i>suggest</i>
    </a>
  </li>




          </ul>
          <ul class="nav nav-pills navbar-nav pull-right">
            










    

  <li class="dropdown">
    <a class="dropdown-toggle" data-toggle="dropdown" >
      導覽
      <i>Tour</i>
    </a>
    <ul class="dropdown-menu">
      <li>
        <a href="/user/show?tour=true">
          基本導覽
        </a>
      </li>
    </ul>
  </li>
  

  <li class="dropdown">
    <a class="dropdown-toggle" data-toggle="dropdown" href="#menu3">
      customer
      <i>ID</i>
    </a>

    <ul class="dropdown-menu">

      <li><a href="/user/edit/2">user.edit.label</a></li>


      


       



      
        <li>
          <a href="/j_spring_security_logout">
            
            default.logout.text
          </a>
        </li>
      

    </ul>
  </li>


          </ul>
        </div>
      </div>
    </div>
  </div>
</div>





      </header>


      <div class="main-content">
        
        
<!--[if lt IE 9]>
<div class="ie-alert">
	<h2 class="textalign-center">
		<i class="icon icon-lightbulb icon-red"></i>
		本網站不支援舊版 IE 瀏覽器
	</h2>
	<h2 class="textalign-center">
		<i class="icon icon-lightbulb icon-red"></i>
		建議您立即安裝 Google 提供的瀏覽器升級套件：<a href="http://www.google.com/chromeframe">Chrome Frame</a>
	</h2>
	<h2 class="textalign-center">
		<i class="icon icon-lightbulb icon-red"></i>
		或是取得速度飛快的免費 <a href="http://www.google.com/intl/zh-TW/chrome/browser/">Google Chrome</a> 瀏覽器。
	</h2>	
</div>
<![endif]-->



      	
        <div class="container">
          

<div class="row show-frid">
    <div class="col-sm-12 col-md-12">
        <div id="breadcrumb">
              <ul >
                  <li class="home">Show user</li>

                  <li id="alert_placeholder"></li>
              </ul>
              
              





        </div>

    </div>

</div>




          
  <!-- 手機畫面 action button -->

  <div class="visible-xs">
    <div class="btn-group" id="actionbar">
      <button class="btn btn-default btn-primary dropdown-toggle" type="button" data-toggle="dropdown">
        維護使用者<span class="caret"></span>
      </button>
      <ul class="dropdown-menu">
        <li><a href="/user/edit/2">Edit</a></li>
        <li><a href="/user/delete/2">Delete</a></li>
      </ul>
    </div>

    <div class="btn-group" id="actionbar">
      <button class="btn btn-default btn-primary dropdown-toggle" type="button" data-toggle="dropdown">
        新增其他<span class="caret"></span>
      </button>
      <ul class="dropdown-menu">
        

          
          <li><a href="/product/create?user.id=2" id="product-create">新增產品</a></li>
         
          <li><a href="/part/create?user.id=2" id="part-create">新維修項目</a></li>
        

      </ul>
    </div>
  </div>


  <!-- PC 畫面 action button -->

  <div class="hidden-xs">
    <div class="btn-group" id="actionbar">
           

      <a href="/user/edit/2" id="user-edit" class="btn btn-primary">Edit</a>

      

      

        
        <a href="/product/create?user.id=2" id="product-create" class="btn btn-primary">新增產品</a>
      


                
        <a href="/part/create?user.id=2" id="part-create" class="btn btn-primary">新增維修項目</a>
      


      <a href="/user/delete/2" id="user-delete" class="btn btn-danger">Delete</a>


    </div>
  </div>




  <div class="row show-grid features-block mini-blocks">
    <div class="contact-info col-sm-12 col-md-12">
      <h2>車主資料</h2>
      

<table class="table">
  <tbody>
	<tr>
		<td class="small">user.username.label</td>
		<td class="bold"><a href="/user/show/2">customer</a></td>

	</tr> 
	<tr>
		<td class="small">user.title.label</td>
		<td class="bold">customer</td>
	</tr> 
	<tr>
		<td class="small">user.email.label</td>
		<td class="bold"></td>
	</tr> 	
	<tr>
		<td class="small">user.telphone.label</td>
		<td class="bold"></td>
	</tr> 
	<tr>
		<td class="small">user.mobile.label</td>
		<td class="bold"></td>
	</tr>
    <tr>
      <td class="small">user.enable.label</td>
      <td class="bold">否</td>
    </tr>	    
	<tr>
		<td class="small">user.description.label</td>
		<td class="bold"></td>
	</tr>



  </tbody>

</table>


    </div>

  </div>

  <div class="row show-grid features-block mini-blocks">
    <div class="contact-info col-sm-12 col-md-12">
      <h2>擁有機車</h2>
    </div>

    
  </div>






        </div>
      </div>
      
      <footer id="footer">
        
        


<div class="footer-top"></div>
<div class="footer-wrapper">
  <div class="container">
    <div class="row show-grid">


          <div class="col-sm-4 col-md-4 footer-right">
            <h4 class="center-title">連結</h4>
            <ul class="footer-navigate">
              <li class="active single">
  
                <li class='active single'>
                    <a href="/user/show/2" id="user-show">個人<i>index</i></a>
                </li>
                
                
</li>


  

  <li class=" single">
    <a href="/part/index" id="part-index">
      part.label
      <i>store</i>
    </a>
  </li>










<li class=" single">
  <a href="/store/index">
    車行清單
    <i>Stores</i>
  </a>
</li>

<li class=" single">
  <a href="/post/portfolio">
    文章
    <i>POST</i>
  </a>
</li>


  <li class=" single">
    <a href="/home/question">
      意見回饋
      <i>suggest</i>
    </a>
  </li>




            </ul> 
          </div>

          <div class="col-sm-4 col-md-4 footer-center">
            <h4 class="center-title">聯絡我們</h4>
            <p>對系統有任何建議歡迎來信</p>
            <p><i class="icon-envelope"></i>
              Mail:<a class="btn btn-inverse btn-xs" href="mailto:smlsun@gmail.com?subject=MotoRanger-意見回饋"> smlsun@gmail.com</a></p>
          </div>

    </div>
  </div>
</div>


 
        

        <div class="footer-bottom">
          <div class="container">
            <div class="row show-grid">
              <div class="col-sm-12 col-md-12">
                <p>Template by bizstrap power by <a href="http://ccws.co">ccws</a></p>

              </div>
            </div>
          </div>
        </div>
      </footer>



    </div>

  </div>



  

  <script src="/tagit/js/tag-it.js?_debugResources=y&n=1392376577999" type="text/javascript" ></script>
<script src="/bizstrap/js/style-switcher.js?_debugResources=y&n=1392376577999" type="text/javascript" ></script>
<script src="/bizstrap/js/bootstrap.js?_debugResources=y&n=1392376577999" type="text/javascript" ></script>
<script src="/bizstrap/js/jquery.flexslider-min.js?_debugResources=y&n=1392376577999" type="text/javascript" ></script>
<script src="/bizstrap/js/jquery.isotope.js?_debugResources=y&n=1392376577999" type="text/javascript" ></script>
<script src="/bizstrap/js/jquery.fancybox.pack.js?v=2.1.0&_debugResources=y&n=1392376577999" type="text/javascript" ></script>
<script src="/bizstrap/rs-plugin/js/jquery.themepunch.plugins.min.js?_debugResources=y&n=1392376577999" type="text/javascript" ></script>
<script src="/bizstrap/rs-plugin/js/jquery.themepunch.revolution.js?_debugResources=y&n=1392376577999" type="text/javascript" ></script>
<script src="/bizstrap/js/revolution.custom.js?_debugResources=y&n=1392376577999" type="text/javascript" ></script>
<script src="/bizstrap/js/custom.js?_debugResources=y&n=1392376577999" type="text/javascript" ></script>
<script src="/js/fileuploader.js?_debugResources=y&n=1392376577999" type="text/javascript" ></script>
<script src="/jquery-plugins/jquery.migrate.min.js?_debugResources=y&n=1392376577999" type="text/javascript" ></script>
<script src="/jquery-plugins/jquery.textarea.js?_debugResources=y&n=1392376577999" type="text/javascript" ></script>
<script src="/jquery-plugins/jquery.jfontsize.js?_debugResources=y&n=1392376577999" type="text/javascript" ></script>
<script src="/jquery-plugins/jquery.cookie.js?_debugResources=y&n=1392376577999" type="text/javascript" ></script>
<script src="/jquery-plugins/jquery.masonry.js?_debugResources=y&n=1392376577999" type="text/javascript" ></script>
<script src="/jquery-plugins/jquery.lazyload.min.js?_debugResources=y&n=1392376577999" type="text/javascript" ></script>
<script src="/pagedown/Markdown.Converter.js?_debugResources=y&n=1392376577999" type="text/javascript" ></script>
<script src="/pagedown/Markdown.Sanitizer.js?_debugResources=y&n=1392376577999" type="text/javascript" ></script>
<script src="/pagedown/Markdown.Editor.js?_debugResources=y&n=1392376577999" type="text/javascript" ></script>
<script src="/js/common.js?_debugResources=y&n=1392376577999" type="text/javascript" ></script>
<script src="/bootstrap-ext/bootbox/bootbox.min.js?_debugResources=y&n=1392376577999" type="text/javascript" ></script>
<script src="/bootstrap-ext/datepicker/js/bootstrap-datepicker.js?_debugResources=y&n=1392376577999" type="text/javascript" ></script>
<script src="/bootstrap-ext/datepicker/js/locales/bootstrap-datepicker.zh-TW.js?_debugResources=y&n=1392376577999" type="text/javascript" ></script>
<script type="text/javascript">
  (function () {
    if(':歡迎使用 MotoRanger！讓我幫你記錄您愛車的一切，讓我們從點選下方「新增產品」建置屬於你的摩托開始！'!=='') {
      bootstrap_alert.warning(':歡迎使用 MotoRanger！讓我幫你記錄您愛車的一切，讓我們從點選下方「新增產品」建置屬於你的摩托開始！');
    }
  })();
  </script>



</body>
</html>

================================================================================
#Followed redirect to http://localhost:8080/user/show/2
Clicked [part-create] which resolved to a [class com.gargoylesoftware.htmlunit.html.HtmlAnchor]
Content of web window [TopLevelWindow[name=""]] changed
== Response was 200 (OK) headers: ==============================================
================================================================================
== Content =====================================================================
<!DOCTYPE html>
<html lang="en">
<head>
<meta http-equiv="Content-Type" content="text/html; charset=UTF-8"/>
<meta http-equiv="X-UA-Compatible" content="IE=edge,chrome=1"/>
<title>Create part - 線上 Moto 維修記錄</title>
<meta name="viewport" content="width=device-width, initial-scale=1.0"/>
<link rel="shortcut icon" href="/images/favicon.ico?_debugResources=y&amp;n=1392376577999" type="image/x-icon" />
<link rel="apple-touch-icon" href="/images/apple-touch-icon.png?_debugResources=y&amp;n=1392376577999" />
<link rel="apple-touch-icon" sizes="114x114" href="/images/apple-touch-icon-retina.png?_debugResources=y&amp;n=1392376577999" />




    <meta name="layout" content="bootstrap">
    
    
  
<script src="/plugins/jquery-1.8.3/js/jquery/jquery-1.8.3.min.js?_debugResources=y&n=1392376577999" type="text/javascript" ></script>
<link href="/plugins/jquery-ui-1.8.24/jquery-ui/themes/ui-lightness/jquery-ui-1.8.24.custom.css?_debugResources=y&n=1392376577999" type="text/css" rel="stylesheet" media="screen, projection" />
<script src="/plugins/jquery-ui-1.8.24/jquery-ui/js/jquery-ui-1.8.24.custom.min.js?_debugResources=y&n=1392376577999" type="text/javascript" ></script>
<link href="/tagit/css/jquery.tagit.css?_debugResources=y&n=1392376577999" type="text/css" rel="stylesheet" media="screen, projection" />
<link href="/tagit/css/tagit.ui-zendesk.css?_debugResources=y&n=1392376577999" type="text/css" rel="stylesheet" media="screen, projection" />
<link href="/bizstrap/rs-plugin/css/settings.css?_debugResources=y&n=1392376577999" type="text/css" rel="stylesheet" media="screen" />
<link href="/bizstrap/css/rs-responsive.css?_debugResources=y&n=1392376577999" type="text/css" rel="stylesheet" media="screen" />
<link href="/bizstrap/css/bootstrap.css?_debugResources=y&n=1392376577999" type="text/css" rel="stylesheet" media="screen, projection" />
<link href="/bizstrap/css/custom.css?_debugResources=y&n=1392376577999" type="text/css" rel="stylesheet" media="screen, projection" />
<link href="/bizstrap/css/isotope.css?_debugResources=y&n=1392376577999" type="text/css" rel="stylesheet" media="screen, projection" />
<link href="/bizstrap/css/flexslider.css?_debugResources=y&n=1392376577999" type="text/css" rel="stylesheet" media="screen, projection" />
<link href="/bizstrap/css/jquery.fancybox.css?v=2.1.0&_debugResources=y&n=1392376577999" type="text/css" rel="stylesheet" media="screen" />
<link href="/css/uploader.css?_debugResources=y&n=1392376577999" type="text/css" rel="stylesheet" media="screen, projection" />
<link href="/css/screen.css?_debugResources=y&n=1392376577999" type="text/css" rel="stylesheet" media="screen, projection" />
<script src="/plugins/modernizr-2.6.2/js/modernizr/modernizr-2.6.2.min.js?_debugResources=y&n=1392376577999" type="text/javascript" ></script>
<!--[if IE 6]><link href="/universal-ie6-css/ie6.1.0.css?_debugResources=y&n=1392376577999" type="text/css" rel="stylesheet" media="screen, projection" /><![endif]-->
<link href="/pagedown/pagedown.css?_debugResources=y&n=1392376577999" type="text/css" rel="stylesheet" media="screen, projection" />
<link href="/bootstrap-ext/datepicker/css/datepicker.css?_debugResources=y&n=1392376577999" type="text/css" rel="stylesheet" media="screen, projection" />
<link href="/css/font-awesome.css?_debugResources=y&n=1392376577999" type="text/css" rel="stylesheet" media="screen, projection" />
<!--[if lte IE 7]><link href="/css/font-awesome-ie7.css?_debugResources=y&n=1392376577999" type="text/css" rel="stylesheet" media="screen, projection" /><![endif]-->




</head>
<body>

  <div id="load" style="position:fixed; top:0; left:0; right:0; bottom:0; background:#fff; z-index:999999;"><span></span></div>
  

  
  <div class="container"></div>
  
  <div id="over">
    <div id="out_container">
      <div class="top_line"></div>
      
      <header>
        


<div class="container">
  <div class="row">
    <div class="col-sm-12 col-md-12">
      <div class="navbar navbar-default">
        <div class="navbar-header"></div>
        <div class="buttons-container"></div>
        <div class="navbar-collapse">
          <ul class="nav nav-pills navbar-nav">
            <li class=" single">
  
                <li class=' single'>
                    <a href="/user/show/2" id="user-show">個人<i>index</i></a>
                </li>
                
                
</li>


  

  <li class="active single">
    <a href="/part/index" id="part-index">
      part.label
      <i>store</i>
    </a>
  </li>










<li class=" single">
  <a href="/store/index">
    車行清單
    <i>Stores</i>
  </a>
</li>

<li class=" single">
  <a href="/post/portfolio">
    文章
    <i>POST</i>
  </a>
</li>


  <li class=" single">
    <a href="/home/question">
      意見回饋
      <i>suggest</i>
    </a>
  </li>




          </ul>
          <ul class="nav nav-pills navbar-nav pull-right">
            










    

  <li class="dropdown">
    <a class="dropdown-toggle" data-toggle="dropdown" >
      導覽
      <i>Tour</i>
    </a>
    <ul class="dropdown-menu">
      <li>
        <a href="/user/show?tour=true">
          基本導覽
        </a>
      </li>
    </ul>
  </li>
  

  <li class="dropdown">
    <a class="dropdown-toggle" data-toggle="dropdown" href="#menu3">
      customer
      <i>ID</i>
    </a>

    <ul class="dropdown-menu">

      <li><a href="/user/edit/2">user.edit.label</a></li>


      


       



      
        <li>
          <a href="/j_spring_security_logout">
            
            default.logout.text
          </a>
        </li>
      

    </ul>
  </li>


          </ul>
        </div>
      </div>
    </div>
  </div>
</div>





      </header>


      <div class="main-content">
        
        
<!--[if lt IE 9]>
<div class="ie-alert">
	<h2 class="textalign-center">
		<i class="icon icon-lightbulb icon-red"></i>
		本網站不支援舊版 IE 瀏覽器
	</h2>
	<h2 class="textalign-center">
		<i class="icon icon-lightbulb icon-red"></i>
		建議您立即安裝 Google 提供的瀏覽器升級套件：<a href="http://www.google.com/chromeframe">Chrome Frame</a>
	</h2>
	<h2 class="textalign-center">
		<i class="icon icon-lightbulb icon-red"></i>
		或是取得速度飛快的免費 <a href="http://www.google.com/intl/zh-TW/chrome/browser/">Google Chrome</a> 瀏覽器。
	</h2>	
</div>
<![endif]-->



      	
        <div class="container">
          

<div class="row show-frid">
    <div class="col-sm-12 col-md-12">
        <div id="breadcrumb">
              <ul >
                  <li class="home">Create part</li>

                  <li id="alert_placeholder"></li>
              </ul>
              
              





        </div>

    </div>

</div>




          
    
  <form action="/part/save" method="post" name="part-save" class="form-horizontal" id="part-save" >

    <div id="actionbar" class="btn-group">
      <input type="submit" name="create" class="btn btn-primary" value="Create" id="create" />

      <a href="/" class="btn btn-default">Cancel</a>
    </div>



    

<input type="hidden" name="event.id" value="" id="event.id" />


<div class="form-group">
  
  <label for="inputEmail3" class="col-sm-2 control-label">
    part.name.label<span class="required-mark">*</span>
  </label>
  <div class="col-sm-10">
    <input type="text" name="name" readonly value="part-2014-0214191621" class="form-control" value="" id="name" />
  </div>

</div>

<div class="form-group">
  
  <label for="inputEmail3" class="col-sm-2 control-label">
    part.title.label
  </label>
  <div class="col-sm-10">
    <input type="text" name="title" value="" class="form-control" id="title" />
  </div>

</div>

<div class="form-group">
  
  <label for="inputEmail3" class="col-sm-2 control-label">
    default.tags.label
  </label>
  <div class="col-sm-10">
    <ul name="tags" id='tag-field' >
      
    </ul>
  </div>

</div>

<div class="form-group">
  
  <label for="inputEmail3" class="col-sm-2 control-label">
    default.description.label
  </label>
  <div class="col-sm-10">
    <input type="text" name="description" value="" class="form-control" id="description" />
  </div>

</div>


<div class="form-group">
  
  <label for="inputEmail3" class="col-sm-2 control-label">
    part.price.label
  </label>
  <div class="col-sm-10">
    <input type="text" name="price" value="0" class="form-control" id="price" />
  </div>

</div>

<div class="form-group">
  
  <label for="inputEmail3" class="col-sm-2 control-label">
    歷史售價
  </label>
  <div class="col-sm-10">
    <h4>
      
    </h4>
  </div>

</div>




<div hidden class="form-group">
  
  <label for="inputEmail3" class="col-sm-2 control-label">
    part.stockCount.label
  </label>
  <div class="col-sm-10">
    <input type="text" name="stockCount" value="0" class="form-control" id="stockCount" />
  </div>

</div>

 <div hidden class="form-group">
  
  <label for="inputEmail3" class="col-sm-2 control-label">
    user
  </label>
  
  <div class="col-sm-10">
    <select id="user" name="user.id" class="form-control" >
<option value="null"></option>
<option value="2" selected="selected" >customer</option>
</select>
  </div>  

</div> 
<div hidden class="form-group">
  
  <label for="inputEmail3" class="col-sm-2 control-label">
    Store
  </label>

  <div class="col-sm-10">
    <select id="user" name="store.id" class="form-control" >
<option value="null"></option>
</select>
  </div>  


</div>       



<div class="form-group">
  
  <label for="inputEmail3" class="col-sm-2 control-label">
  default.imageUpload.label
  </label>
  <div class="col-sm-10">
    <div class="controls">
    <div  class="row" >
      <ul>
        <li>
          如果您是使用手機操作，你可以照相之後點選下方「上傳檔案」。
        </li>
        <li>
          如果您是使用手機操作，並且使用 iOS7+ 以及 android 4.1+ 手機版 chrome，也可以點選「上傳檔案」直接拍照後上傳，注意：拍攝時請將手機橫置拍攝，使用說明請參考:<a href="/post/show/10">手機拍照上傳照片說明</a>。
        </li>        
        <li>
          如果你是用電腦操作，你可點選「上傳檔案」選取照片，也可以拖拉多筆到「上傳檔案」按鈕上新增。
        </li>
        <li id="webcamCtrlDiv">
          如果你有 Web Cam (電腦用攝影機)，點選瀏覽器上方允許使用相機後，按「攝影照相」會擷取影像， 確定沒問題在點選 「照片上傳」。
        </li>
        <li>
          最後，你可以挑選你上傳的其中之一個照片作為主要顯示。
        </li>        
      </ul>
    </div>
    <div  class="row" >
      

      <div  class="col-sm-4 col-md-4" >

        
            <div id="au-fileupload">
                <noscript>
                    
                </noscript>
            </div>
        

      </div>

      <div id="webcamCtrlDiv"  class="hidden-xs hidden-sm"  >
        <div  class="col-sm-2 col-md-2" >
          <input type="button" style="height: 35px;" id="shapshot" name="shapshot" value="攝影照像">
        </div>
        <div  class="col-sm-2 col-md-2" >
          <input type="button" style="height: 35px;" id="uploadShapshot" name="uploadShapshot" value="照片上傳">
        </div>
      </div>
    </div>

  </div>  
  <hr/>

  <div id="webcamViewDiv" class="row hidden-xs hidden-sm" >
    <video id='video' class="col-sm-6 col-md-6 thumbnail" autoplay></video>
    <canvas id='canvas' class="col-sm-6 col-md-6 thumbnail" height = '225'></canvas>    
  </div>




  <div  class="row">
    <div id="images" class="col-sm-12 col-md-12">
    </div>
  </div>


    

  </div>

</div>






    <div id="actionbar" class="btn-group">
      <input type="submit" name="create" class="btn btn-primary" value="Create" id="create" />

      <a href="/" class="btn btn-default">Cancel</a>
    </div>

  </form>


  

        </div>
      </div>
      
      <footer id="footer">
        
        


<div class="footer-top"></div>
<div class="footer-wrapper">
  <div class="container">
    <div class="row show-grid">


          <div class="col-sm-4 col-md-4 footer-right">
            <h4 class="center-title">連結</h4>
            <ul class="footer-navigate">
              <li class=" single">
  
                <li class=' single'>
                    <a href="/user/show/2" id="user-show">個人<i>index</i></a>
                </li>
                
                
</li>


  

  <li class="active single">
    <a href="/part/index" id="part-index">
      part.label
      <i>store</i>
    </a>
  </li>










<li class=" single">
  <a href="/store/index">
    車行清單
    <i>Stores</i>
  </a>
</li>

<li class=" single">
  <a href="/post/portfolio">
    文章
    <i>POST</i>
  </a>
</li>


  <li class=" single">
    <a href="/home/question">
      意見回饋
      <i>suggest</i>
    </a>
  </li>




            </ul> 
          </div>

          <div class="col-sm-4 col-md-4 footer-center">
            <h4 class="center-title">聯絡我們</h4>
            <p>對系統有任何建議歡迎來信</p>
            <p><i class="icon-envelope"></i>
              Mail:<a class="btn btn-inverse btn-xs" href="mailto:smlsun@gmail.com?subject=MotoRanger-意見回饋"> smlsun@gmail.com</a></p>
          </div>

    </div>
  </div>
</div>


 
        

        <div class="footer-bottom">
          <div class="container">
            <div class="row show-grid">
              <div class="col-sm-12 col-md-12">
                <p>Template by bizstrap power by <a href="http://ccws.co">ccws</a></p>

              </div>
            </div>
          </div>
        </div>
      </footer>



    </div>

  </div>



  

  <script src="/tagit/js/tag-it.js?_debugResources=y&n=1392376577999" type="text/javascript" ></script>
<script src="/bizstrap/js/style-switcher.js?_debugResources=y&n=1392376577999" type="text/javascript" ></script>
<script src="/bizstrap/js/bootstrap.js?_debugResources=y&n=1392376577999" type="text/javascript" ></script>
<script src="/bizstrap/js/jquery.flexslider-min.js?_debugResources=y&n=1392376577999" type="text/javascript" ></script>
<script src="/bizstrap/js/jquery.isotope.js?_debugResources=y&n=1392376577999" type="text/javascript" ></script>
<script src="/bizstrap/js/jquery.fancybox.pack.js?v=2.1.0&_debugResources=y&n=1392376577999" type="text/javascript" ></script>
<script src="/bizstrap/rs-plugin/js/jquery.themepunch.plugins.min.js?_debugResources=y&n=1392376577999" type="text/javascript" ></script>
<script src="/bizstrap/rs-plugin/js/jquery.themepunch.revolution.js?_debugResources=y&n=1392376577999" type="text/javascript" ></script>
<script src="/bizstrap/js/revolution.custom.js?_debugResources=y&n=1392376577999" type="text/javascript" ></script>
<script src="/bizstrap/js/custom.js?_debugResources=y&n=1392376577999" type="text/javascript" ></script>
<script src="/js/fileuploader.js?_debugResources=y&n=1392376577999" type="text/javascript" ></script>
<script src="/jquery-plugins/jquery.migrate.min.js?_debugResources=y&n=1392376577999" type="text/javascript" ></script>
<script src="/jquery-plugins/jquery.textarea.js?_debugResources=y&n=1392376577999" type="text/javascript" ></script>
<script src="/jquery-plugins/jquery.jfontsize.js?_debugResources=y&n=1392376577999" type="text/javascript" ></script>
<script src="/jquery-plugins/jquery.cookie.js?_debugResources=y&n=1392376577999" type="text/javascript" ></script>
<script src="/jquery-plugins/jquery.masonry.js?_debugResources=y&n=1392376577999" type="text/javascript" ></script>
<script src="/jquery-plugins/jquery.lazyload.min.js?_debugResources=y&n=1392376577999" type="text/javascript" ></script>
<script src="/pagedown/Markdown.Converter.js?_debugResources=y&n=1392376577999" type="text/javascript" ></script>
<script src="/pagedown/Markdown.Sanitizer.js?_debugResources=y&n=1392376577999" type="text/javascript" ></script>
<script src="/pagedown/Markdown.Editor.js?_debugResources=y&n=1392376577999" type="text/javascript" ></script>
<script src="/js/common.js?_debugResources=y&n=1392376577999" type="text/javascript" ></script>
<script src="/bootstrap-ext/bootbox/bootbox.min.js?_debugResources=y&n=1392376577999" type="text/javascript" ></script>
<script src="/bootstrap-ext/datepicker/js/bootstrap-datepicker.js?_debugResources=y&n=1392376577999" type="text/javascript" ></script>
<script src="/bootstrap-ext/datepicker/js/locales/bootstrap-datepicker.zh-TW.js?_debugResources=y&n=1392376577999" type="text/javascript" ></script>
<script type="text/javascript">
            var au_fileupload = new qq.FileUploader({
            element: document.getElementById('au-fileupload'),
            action: '/attachment/save',
                    multiple: false
                ,
                    debug: true
                ,
            params: {
    name: 'part-2014-0214191621', domainName: 'part'
},
onComplete: function(id, fileName, responseJSON) { 
            displayList();
           }
            });
        

      var video = document.getElementById('video');
      var canvas = document.getElementById('canvas');
      
      var localMediaStream = null;

      function snapshot() {
        var ctx = canvas.getContext('2d');
        if (localMediaStream) {
          ctx.drawImage(video, 0, 0, canvas.width, canvas.height);
        }

      }

      function uploadShapshot(){
          var image    = canvas.toDataURL("image/jpeg").replace('data:image/jpeg;base64,', '');

          var fd = new FormData();
          fd.append('image', image);
          fd.append('name', "part-2014-0214191621");
          $.ajax({
              type: 'POST',
              url: '/attachment/SaveBlob',
              data: fd,
              processData: false,
              contentType: false
          }).done(function(data) {
              // print the output from the upload.php script
              displayList();
          }); 
      }

      $("#shapshot").on('click', snapshot);
      $("#uploadShapshot").on('click', uploadShapshot);

      // Not showing vendor prefixes or code that works cross-browser.


      if(navigator && navigator.webkitGetUserMedia){
        navigator.webkitGetUserMedia({video: true}, function(stream) {
          video.src = window.URL.createObjectURL(stream);
          localMediaStream = stream;
        },function(){ // success
          $("#webcamCtrlDiv").css( "display", "none" );
          $("#webcamViewDiv").css( "display", "none" );

        },
        function(){
          $("#webcamCtrlDiv").css( "display", "block" );
          $("#webcamViewDiv").css( "display", "block" );
        });
      }


      var displayList=function(){
        // console.log("displayList function");
        // console.log("isMobile = "+ isMobile());

        jQuery.ajax({type:'POST',data:{'name': 'part-2014-0214191621','mainImage': 'null','domainName': 'part'}, url:'/attachment/list',success:function(data,textStatus){jQuery('#images').html(data);checkDefaultRadioSelected();},error:function(XMLHttpRequest,textStatus,errorThrown){}});
      }


      var checkDefaultRadioSelected=function(){
        var hasChecked=false;
        $("#mainImage").each(function() {
          console.log($(this).val());
          if ($(this).is(':checked')) {
            hasChecked = true;
          }
        });
        if(!hasChecked && $("#mainImage").size() > 0){
          $("#mainImage")[0].checked = true;
        }

        console.log("hasChecked ="+ hasChecked);
      }

      $(function() {
        displayList();
      });
    


  $(function() {

  $("ul[name='tags']").tagit({select:true, tagSource: "/tag/listAsJson"});

  $("li[id ='historyCost']").on('click',function(eventObject){
    var historyCost = $(this).attr("data-historyCost");
    $("#cost").val(historyCost)
  });

  $("li[id ='historyPrice']").on('click',function(eventObject){
    var historyCost = $(this).attr("data-historyPrice");
    $("#price").val(historyCost)
  });

  });



  (function () {
    if(':歡迎使用 MotoRanger！讓我幫你記錄您愛車的一切，讓我們從點選下方「新增產品」建置屬於你的摩托開始！'!=='') {
      bootstrap_alert.warning(':歡迎使用 MotoRanger！讓我幫你記錄您愛車的一切，讓我們從點選下方「新增產品」建置屬於你的摩托開始！');
    }
  })();
  </script>



</body>
</html>

================================================================================
#Setting value to [testPart] on field [name:name id:name] of form [part-save]
Changed attribute value to part-2014-0214191621 on tag [input] (id: DomAttr[name=id value=name] / name: DomAttr[name=name value=name])
Setting value to [testPart] on field [name:title id:title] of form [part-save]
Changed attribute value to  on tag [input] (id: DomAttr[name=id value=title] / name: DomAttr[name=name value=title])
Clicked [create] which resolved to a [class com.gargoylesoftware.htmlunit.html.HtmlSubmitInput]
Content of web window [TopLevelWindow[name=""]] changed
Response was a redirect to http://localhost:8080/part/show/1 <<<<<<<<<<<<<<<<<<<<
== Response was 302 (Found) headers: ===========================================
================================================================================
== Content =====================================================================

================================================================================
#
== Making request GET http://localhost:8080/part/show/1 parameters: ============
== Request headers: ============================================================
Accept: */*
== Content =====================================================================

================================================================================
Content of web window [TopLevelWindow[name=""]] changed
== Response was 200 (OK) headers: ==============================================
================================================================================
== Content =====================================================================
<!DOCTYPE html>
<html lang="en">
<head>
<meta http-equiv="Content-Type" content="text/html; charset=UTF-8"/>
<meta http-equiv="X-UA-Compatible" content="IE=edge,chrome=1"/>
<title>testPart - 線上 Moto 維修記錄</title>
<meta name="viewport" content="width=device-width, initial-scale=1.0"/>
<link rel="shortcut icon" href="/images/favicon.ico?_debugResources=y&amp;n=1392376577999" type="image/x-icon" />
<link rel="apple-touch-icon" href="/images/apple-touch-icon.png?_debugResources=y&amp;n=1392376577999" />
<link rel="apple-touch-icon" sizes="114x114" href="/images/apple-touch-icon-retina.png?_debugResources=y&amp;n=1392376577999" />




<meta name="layout" content="bootstrap">


<script src="/plugins/jquery-1.8.3/js/jquery/jquery-1.8.3.min.js?_debugResources=y&n=1392376577999" type="text/javascript" ></script>
<link href="/plugins/jquery-ui-1.8.24/jquery-ui/themes/ui-lightness/jquery-ui-1.8.24.custom.css?_debugResources=y&n=1392376577999" type="text/css" rel="stylesheet" media="screen, projection" />
<script src="/plugins/jquery-ui-1.8.24/jquery-ui/js/jquery-ui-1.8.24.custom.min.js?_debugResources=y&n=1392376577999" type="text/javascript" ></script>
<link href="/tagit/css/jquery.tagit.css?_debugResources=y&n=1392376577999" type="text/css" rel="stylesheet" media="screen, projection" />
<link href="/tagit/css/tagit.ui-zendesk.css?_debugResources=y&n=1392376577999" type="text/css" rel="stylesheet" media="screen, projection" />
<link href="/bizstrap/rs-plugin/css/settings.css?_debugResources=y&n=1392376577999" type="text/css" rel="stylesheet" media="screen" />
<link href="/bizstrap/css/rs-responsive.css?_debugResources=y&n=1392376577999" type="text/css" rel="stylesheet" media="screen" />
<link href="/bizstrap/css/bootstrap.css?_debugResources=y&n=1392376577999" type="text/css" rel="stylesheet" media="screen, projection" />
<link href="/bizstrap/css/custom.css?_debugResources=y&n=1392376577999" type="text/css" rel="stylesheet" media="screen, projection" />
<link href="/bizstrap/css/isotope.css?_debugResources=y&n=1392376577999" type="text/css" rel="stylesheet" media="screen, projection" />
<link href="/bizstrap/css/flexslider.css?_debugResources=y&n=1392376577999" type="text/css" rel="stylesheet" media="screen, projection" />
<link href="/bizstrap/css/jquery.fancybox.css?v=2.1.0&_debugResources=y&n=1392376577999" type="text/css" rel="stylesheet" media="screen" />
<link href="/css/uploader.css?_debugResources=y&n=1392376577999" type="text/css" rel="stylesheet" media="screen, projection" />
<link href="/css/screen.css?_debugResources=y&n=1392376577999" type="text/css" rel="stylesheet" media="screen, projection" />
<script src="/plugins/modernizr-2.6.2/js/modernizr/modernizr-2.6.2.min.js?_debugResources=y&n=1392376577999" type="text/javascript" ></script>
<!--[if IE 6]><link href="/universal-ie6-css/ie6.1.0.css?_debugResources=y&n=1392376577999" type="text/css" rel="stylesheet" media="screen, projection" /><![endif]-->
<link href="/pagedown/pagedown.css?_debugResources=y&n=1392376577999" type="text/css" rel="stylesheet" media="screen, projection" />
<link href="/bootstrap-ext/datepicker/css/datepicker.css?_debugResources=y&n=1392376577999" type="text/css" rel="stylesheet" media="screen, projection" />
<link href="/css/font-awesome.css?_debugResources=y&n=1392376577999" type="text/css" rel="stylesheet" media="screen, projection" />
<!--[if lte IE 7]><link href="/css/font-awesome-ie7.css?_debugResources=y&n=1392376577999" type="text/css" rel="stylesheet" media="screen, projection" /><![endif]-->




</head>
<body>

  <div id="load" style="position:fixed; top:0; left:0; right:0; bottom:0; background:#fff; z-index:999999;"><span></span></div>
  

  
  <div class="container"></div>
  
  <div id="over">
    <div id="out_container">
      <div class="top_line"></div>
      
      <header>
        


<div class="container">
  <div class="row">
    <div class="col-sm-12 col-md-12">
      <div class="navbar navbar-default">
        <div class="navbar-header"></div>
        <div class="buttons-container"></div>
        <div class="navbar-collapse">
          <ul class="nav nav-pills navbar-nav">
            <li class=" single">
  
                <li class=' single'>
                    <a href="/user/show/2" id="user-show">個人<i>index</i></a>
                </li>
                
                
</li>


  

  <li class="active single">
    <a href="/part/index" id="part-index">
      part.label
      <i>store</i>
    </a>
  </li>










<li class=" single">
  <a href="/store/index">
    車行清單
    <i>Stores</i>
  </a>
</li>

<li class=" single">
  <a href="/post/portfolio">
    文章
    <i>POST</i>
  </a>
</li>


  <li class=" single">
    <a href="/home/question">
      意見回饋
      <i>suggest</i>
    </a>
  </li>




          </ul>
          <ul class="nav nav-pills navbar-nav pull-right">
            










    

  <li class="dropdown">
    <a class="dropdown-toggle" data-toggle="dropdown" >
      導覽
      <i>Tour</i>
    </a>
    <ul class="dropdown-menu">
      <li>
        <a href="/user/show?tour=true">
          基本導覽
        </a>
      </li>
    </ul>
  </li>
  

  <li class="dropdown">
    <a class="dropdown-toggle" data-toggle="dropdown" href="#menu3">
      customer
      <i>ID</i>
    </a>

    <ul class="dropdown-menu">

      <li><a href="/user/edit/2">user.edit.label</a></li>


      


       



      
        <li>
          <a href="/j_spring_security_logout">
            
            default.logout.text
          </a>
        </li>
      

    </ul>
  </li>


          </ul>
        </div>
      </div>
    </div>
  </div>
</div>





      </header>


      <div class="main-content">
        
        
<!--[if lt IE 9]>
<div class="ie-alert">
	<h2 class="textalign-center">
		<i class="icon icon-lightbulb icon-red"></i>
		本網站不支援舊版 IE 瀏覽器
	</h2>
	<h2 class="textalign-center">
		<i class="icon icon-lightbulb icon-red"></i>
		建議您立即安裝 Google 提供的瀏覽器升級套件：<a href="http://www.google.com/chromeframe">Chrome Frame</a>
	</h2>
	<h2 class="textalign-center">
		<i class="icon icon-lightbulb icon-red"></i>
		或是取得速度飛快的免費 <a href="http://www.google.com/intl/zh-TW/chrome/browser/">Google Chrome</a> 瀏覽器。
	</h2>	
</div>
<![endif]-->



      	
        <div class="container">
          

<div class="row show-frid">
    <div class="col-sm-12 col-md-12">
        <div id="breadcrumb">
              <ul >
                  <li class="home">Show part</li>

                  <li id="alert_placeholder"></li>
              </ul>
              
              





        </div>

    </div>

</div>




          
  
    <div class="row" id="actionbar">

      <div class="col-sm-12 col-md-12">           

          <a href="/part/edit/1" id="part-edit" class="btn btn-primary">Edit</a>

          <a href="/part/delete/1" id="part-delete" class="btn btn-danger">Delete</a>

      </div>

    </div>
  
  <div class="row">

    <div class="contact-info col-sm-4 col-md-4">
      <h2>外觀</h2>

      <img src="/attachment/show?name=testPart&amp;file=null&amp;_debugResources=y&amp;n=1392376577999" class="img-thumbnail" />
    
    </div>
    <div class="contact-info col-sm-8 col-md-8">
      <h2>維修項目</h2>
      <table class="table">
  <tbody>
    <tr>
      <td class="small">part.title.label</td>
      <td class="bold">
        <a href="/part/show/1">testPart</a>
      </td>
    </tr>


    <tr>
      <td class="small">part.price.label</td>
      <td class="bold">0</td>
    </tr> 

    <tr>
      <td class="small">part.cost.label</td>
      <td class="bold">0</td>
    </tr>

    <tr>
      <td class="small">default.description.label</td>
      <td class="bold"></td>
    </tr>

    <tr>
      <td class="small">part.user.label</td>
      <td class="bold">customer</td>
    </tr>
    <tr>
      <td class="small">part.store.label</td>
      <td class="bold"></td>
    </tr>

  </tbody>
</table>
    </div>

  </div>


        </div>
      </div>
      
      <footer id="footer">
        
        


<div class="footer-top"></div>
<div class="footer-wrapper">
  <div class="container">
    <div class="row show-grid">


          <div class="col-sm-4 col-md-4 footer-right">
            <h4 class="center-title">連結</h4>
            <ul class="footer-navigate">
              <li class=" single">
  
                <li class=' single'>
                    <a href="/user/show/2" id="user-show">個人<i>index</i></a>
                </li>
                
                
</li>


  

  <li class="active single">
    <a href="/part/index" id="part-index">
      part.label
      <i>store</i>
    </a>
  </li>










<li class=" single">
  <a href="/store/index">
    車行清單
    <i>Stores</i>
  </a>
</li>

<li class=" single">
  <a href="/post/portfolio">
    文章
    <i>POST</i>
  </a>
</li>


  <li class=" single">
    <a href="/home/question">
      意見回饋
      <i>suggest</i>
    </a>
  </li>




            </ul> 
          </div>

          <div class="col-sm-4 col-md-4 footer-center">
            <h4 class="center-title">聯絡我們</h4>
            <p>對系統有任何建議歡迎來信</p>
            <p><i class="icon-envelope"></i>
              Mail:<a class="btn btn-inverse btn-xs" href="mailto:smlsun@gmail.com?subject=MotoRanger-意見回饋"> smlsun@gmail.com</a></p>
          </div>

    </div>
  </div>
</div>


 
        

        <div class="footer-bottom">
          <div class="container">
            <div class="row show-grid">
              <div class="col-sm-12 col-md-12">
                <p>Template by bizstrap power by <a href="http://ccws.co">ccws</a></p>

              </div>
            </div>
          </div>
        </div>
      </footer>



    </div>

  </div>



  

  <script src="/tagit/js/tag-it.js?_debugResources=y&n=1392376577999" type="text/javascript" ></script>
<script src="/bizstrap/js/style-switcher.js?_debugResources=y&n=1392376577999" type="text/javascript" ></script>
<script src="/bizstrap/js/bootstrap.js?_debugResources=y&n=1392376577999" type="text/javascript" ></script>
<script src="/bizstrap/js/jquery.flexslider-min.js?_debugResources=y&n=1392376577999" type="text/javascript" ></script>
<script src="/bizstrap/js/jquery.isotope.js?_debugResources=y&n=1392376577999" type="text/javascript" ></script>
<script src="/bizstrap/js/jquery.fancybox.pack.js?v=2.1.0&_debugResources=y&n=1392376577999" type="text/javascript" ></script>
<script src="/bizstrap/rs-plugin/js/jquery.themepunch.plugins.min.js?_debugResources=y&n=1392376577999" type="text/javascript" ></script>
<script src="/bizstrap/rs-plugin/js/jquery.themepunch.revolution.js?_debugResources=y&n=1392376577999" type="text/javascript" ></script>
<script src="/bizstrap/js/revolution.custom.js?_debugResources=y&n=1392376577999" type="text/javascript" ></script>
<script src="/bizstrap/js/custom.js?_debugResources=y&n=1392376577999" type="text/javascript" ></script>
<script src="/js/fileuploader.js?_debugResources=y&n=1392376577999" type="text/javascript" ></script>
<script src="/jquery-plugins/jquery.migrate.min.js?_debugResources=y&n=1392376577999" type="text/javascript" ></script>
<script src="/jquery-plugins/jquery.textarea.js?_debugResources=y&n=1392376577999" type="text/javascript" ></script>
<script src="/jquery-plugins/jquery.jfontsize.js?_debugResources=y&n=1392376577999" type="text/javascript" ></script>
<script src="/jquery-plugins/jquery.cookie.js?_debugResources=y&n=1392376577999" type="text/javascript" ></script>
<script src="/jquery-plugins/jquery.masonry.js?_debugResources=y&n=1392376577999" type="text/javascript" ></script>
<script src="/jquery-plugins/jquery.lazyload.min.js?_debugResources=y&n=1392376577999" type="text/javascript" ></script>
<script src="/pagedown/Markdown.Converter.js?_debugResources=y&n=1392376577999" type="text/javascript" ></script>
<script src="/pagedown/Markdown.Sanitizer.js?_debugResources=y&n=1392376577999" type="text/javascript" ></script>
<script src="/pagedown/Markdown.Editor.js?_debugResources=y&n=1392376577999" type="text/javascript" ></script>
<script src="/js/common.js?_debugResources=y&n=1392376577999" type="text/javascript" ></script>
<script src="/bootstrap-ext/bootbox/bootbox.min.js?_debugResources=y&n=1392376577999" type="text/javascript" ></script>
<script src="/bootstrap-ext/datepicker/js/bootstrap-datepicker.js?_debugResources=y&n=1392376577999" type="text/javascript" ></script>
<script src="/bootstrap-ext/datepicker/js/locales/bootstrap-datepicker.zh-TW.js?_debugResources=y&n=1392376577999" type="text/javascript" ></script>
<script type="text/javascript">
  (function () {
    if('part testPart created'!=='') {
      bootstrap_alert.warning('part testPart created');
    }
  })();
  </script>



</body>
</html>

================================================================================
#Followed redirect to http://localhost:8080/part/show/1
Clicked [user-show] which resolved to a [class com.gargoylesoftware.htmlunit.html.HtmlAnchor]
Content of web window [TopLevelWindow[name=""]] changed
== Response was 200 (OK) headers: ==============================================
================================================================================
== Content =====================================================================
<!DOCTYPE html>
<html lang="en">
<head>
<meta http-equiv="Content-Type" content="text/html; charset=UTF-8"/>
<meta http-equiv="X-UA-Compatible" content="IE=edge,chrome=1"/>
<title>motoranger - 線上 Moto 維修記錄</title>
<meta name="viewport" content="width=device-width, initial-scale=1.0"/>
<link rel="shortcut icon" href="/images/favicon.ico?_debugResources=y&amp;n=1392376577999" type="image/x-icon" />
<link rel="apple-touch-icon" href="/images/apple-touch-icon.png?_debugResources=y&amp;n=1392376577999" />
<link rel="apple-touch-icon" sizes="114x114" href="/images/apple-touch-icon-retina.png?_debugResources=y&amp;n=1392376577999" />




<meta name="layout" content="bootstrap">


<script src="/plugins/jquery-1.8.3/js/jquery/jquery-1.8.3.min.js?_debugResources=y&n=1392376577999" type="text/javascript" ></script>
<link href="/plugins/jquery-ui-1.8.24/jquery-ui/themes/ui-lightness/jquery-ui-1.8.24.custom.css?_debugResources=y&n=1392376577999" type="text/css" rel="stylesheet" media="screen, projection" />
<script src="/plugins/jquery-ui-1.8.24/jquery-ui/js/jquery-ui-1.8.24.custom.min.js?_debugResources=y&n=1392376577999" type="text/javascript" ></script>
<link href="/tagit/css/jquery.tagit.css?_debugResources=y&n=1392376577999" type="text/css" rel="stylesheet" media="screen, projection" />
<link href="/tagit/css/tagit.ui-zendesk.css?_debugResources=y&n=1392376577999" type="text/css" rel="stylesheet" media="screen, projection" />
<link href="/bizstrap/rs-plugin/css/settings.css?_debugResources=y&n=1392376577999" type="text/css" rel="stylesheet" media="screen" />
<link href="/bizstrap/css/rs-responsive.css?_debugResources=y&n=1392376577999" type="text/css" rel="stylesheet" media="screen" />
<link href="/bizstrap/css/bootstrap.css?_debugResources=y&n=1392376577999" type="text/css" rel="stylesheet" media="screen, projection" />
<link href="/bizstrap/css/custom.css?_debugResources=y&n=1392376577999" type="text/css" rel="stylesheet" media="screen, projection" />
<link href="/bizstrap/css/isotope.css?_debugResources=y&n=1392376577999" type="text/css" rel="stylesheet" media="screen, projection" />
<link href="/bizstrap/css/flexslider.css?_debugResources=y&n=1392376577999" type="text/css" rel="stylesheet" media="screen, projection" />
<link href="/bizstrap/css/jquery.fancybox.css?v=2.1.0&_debugResources=y&n=1392376577999" type="text/css" rel="stylesheet" media="screen" />
<link href="/css/uploader.css?_debugResources=y&n=1392376577999" type="text/css" rel="stylesheet" media="screen, projection" />
<link href="/css/screen.css?_debugResources=y&n=1392376577999" type="text/css" rel="stylesheet" media="screen, projection" />
<script src="/plugins/modernizr-2.6.2/js/modernizr/modernizr-2.6.2.min.js?_debugResources=y&n=1392376577999" type="text/javascript" ></script>
<!--[if IE 6]><link href="/universal-ie6-css/ie6.1.0.css?_debugResources=y&n=1392376577999" type="text/css" rel="stylesheet" media="screen, projection" /><![endif]-->
<link href="/pagedown/pagedown.css?_debugResources=y&n=1392376577999" type="text/css" rel="stylesheet" media="screen, projection" />
<link href="/bootstrap-ext/datepicker/css/datepicker.css?_debugResources=y&n=1392376577999" type="text/css" rel="stylesheet" media="screen, projection" />
<link href="/css/font-awesome.css?_debugResources=y&n=1392376577999" type="text/css" rel="stylesheet" media="screen, projection" />
<!--[if lte IE 7]><link href="/css/font-awesome-ie7.css?_debugResources=y&n=1392376577999" type="text/css" rel="stylesheet" media="screen, projection" /><![endif]-->




</head>
<body>

  <div id="load" style="position:fixed; top:0; left:0; right:0; bottom:0; background:#fff; z-index:999999;"><span></span></div>
  

  
  <div class="container"></div>
  
  <div id="over">
    <div id="out_container">
      <div class="top_line"></div>
      
      <header>
        


<div class="container">
  <div class="row">
    <div class="col-sm-12 col-md-12">
      <div class="navbar navbar-default">
        <div class="navbar-header"></div>
        <div class="buttons-container"></div>
        <div class="navbar-collapse">
          <ul class="nav nav-pills navbar-nav">
            <li class="active single">
  
                <li class='active single'>
                    <a href="/user/show/2" id="user-show">個人<i>index</i></a>
                </li>
                
                
</li>


  

  <li class=" single">
    <a href="/part/index" id="part-index">
      part.label
      <i>store</i>
    </a>
  </li>










<li class=" single">
  <a href="/store/index">
    車行清單
    <i>Stores</i>
  </a>
</li>

<li class=" single">
  <a href="/post/portfolio">
    文章
    <i>POST</i>
  </a>
</li>


  <li class=" single">
    <a href="/home/question">
      意見回饋
      <i>suggest</i>
    </a>
  </li>




          </ul>
          <ul class="nav nav-pills navbar-nav pull-right">
            










    

  <li class="dropdown">
    <a class="dropdown-toggle" data-toggle="dropdown" >
      導覽
      <i>Tour</i>
    </a>
    <ul class="dropdown-menu">
      <li>
        <a href="/user/show?tour=true">
          基本導覽
        </a>
      </li>
    </ul>
  </li>
  

  <li class="dropdown">
    <a class="dropdown-toggle" data-toggle="dropdown" href="#menu3">
      customer
      <i>ID</i>
    </a>

    <ul class="dropdown-menu">

      <li><a href="/user/edit/2">user.edit.label</a></li>


      


       



      
        <li>
          <a href="/j_spring_security_logout">
            
            default.logout.text
          </a>
        </li>
      

    </ul>
  </li>


          </ul>
        </div>
      </div>
    </div>
  </div>
</div>





      </header>


      <div class="main-content">
        
        
<!--[if lt IE 9]>
<div class="ie-alert">
	<h2 class="textalign-center">
		<i class="icon icon-lightbulb icon-red"></i>
		本網站不支援舊版 IE 瀏覽器
	</h2>
	<h2 class="textalign-center">
		<i class="icon icon-lightbulb icon-red"></i>
		建議您立即安裝 Google 提供的瀏覽器升級套件：<a href="http://www.google.com/chromeframe">Chrome Frame</a>
	</h2>
	<h2 class="textalign-center">
		<i class="icon icon-lightbulb icon-red"></i>
		或是取得速度飛快的免費 <a href="http://www.google.com/intl/zh-TW/chrome/browser/">Google Chrome</a> 瀏覽器。
	</h2>	
</div>
<![endif]-->



      	
        <div class="container">
          

<div class="row show-frid">
    <div class="col-sm-12 col-md-12">
        <div id="breadcrumb">
              <ul >
                  <li class="home">Show user</li>

                  <li id="alert_placeholder"></li>
              </ul>
              
              





        </div>

    </div>

</div>




          
  <!-- 手機畫面 action button -->

  <div class="visible-xs">
    <div class="btn-group" id="actionbar">
      <button class="btn btn-default btn-primary dropdown-toggle" type="button" data-toggle="dropdown">
        維護使用者<span class="caret"></span>
      </button>
      <ul class="dropdown-menu">
        <li><a href="/user/edit/2">Edit</a></li>
        <li><a href="/user/delete/2">Delete</a></li>
      </ul>
    </div>

    <div class="btn-group" id="actionbar">
      <button class="btn btn-default btn-primary dropdown-toggle" type="button" data-toggle="dropdown">
        新增其他<span class="caret"></span>
      </button>
      <ul class="dropdown-menu">
        

          
          <li><a href="/product/create?user.id=2" id="product-create">新增產品</a></li>
         
          <li><a href="/part/create?user.id=2" id="part-create">新維修項目</a></li>
        

      </ul>
    </div>
  </div>


  <!-- PC 畫面 action button -->

  <div class="hidden-xs">
    <div class="btn-group" id="actionbar">
           

      <a href="/user/edit/2" id="user-edit" class="btn btn-primary">Edit</a>

      

      

        
        <a href="/product/create?user.id=2" id="product-create" class="btn btn-primary">新增產品</a>
      


                
        <a href="/part/create?user.id=2" id="part-create" class="btn btn-primary">新增維修項目</a>
      


      <a href="/user/delete/2" id="user-delete" class="btn btn-danger">Delete</a>


    </div>
  </div>




  <div class="row show-grid features-block mini-blocks">
    <div class="contact-info col-sm-12 col-md-12">
      <h2>車主資料</h2>
      

<table class="table">
  <tbody>
	<tr>
		<td class="small">user.username.label</td>
		<td class="bold"><a href="/user/show/2">customer</a></td>

	</tr> 
	<tr>
		<td class="small">user.title.label</td>
		<td class="bold">customer</td>
	</tr> 
	<tr>
		<td class="small">user.email.label</td>
		<td class="bold"></td>
	</tr> 	
	<tr>
		<td class="small">user.telphone.label</td>
		<td class="bold"></td>
	</tr> 
	<tr>
		<td class="small">user.mobile.label</td>
		<td class="bold"></td>
	</tr>
    <tr>
      <td class="small">user.enable.label</td>
      <td class="bold">否</td>
    </tr>	    
	<tr>
		<td class="small">user.description.label</td>
		<td class="bold"></td>
	</tr>



  </tbody>

</table>


    </div>

  </div>

  <div class="row show-grid features-block mini-blocks">
    <div class="contact-info col-sm-12 col-md-12">
      <h2>擁有機車</h2>
    </div>

    
  </div>






        </div>
      </div>
      
      <footer id="footer">
        
        


<div class="footer-top"></div>
<div class="footer-wrapper">
  <div class="container">
    <div class="row show-grid">


          <div class="col-sm-4 col-md-4 footer-right">
            <h4 class="center-title">連結</h4>
            <ul class="footer-navigate">
              <li class="active single">
  
                <li class='active single'>
                    <a href="/user/show/2" id="user-show">個人<i>index</i></a>
                </li>
                
                
</li>


  

  <li class=" single">
    <a href="/part/index" id="part-index">
      part.label
      <i>store</i>
    </a>
  </li>










<li class=" single">
  <a href="/store/index">
    車行清單
    <i>Stores</i>
  </a>
</li>

<li class=" single">
  <a href="/post/portfolio">
    文章
    <i>POST</i>
  </a>
</li>


  <li class=" single">
    <a href="/home/question">
      意見回饋
      <i>suggest</i>
    </a>
  </li>




            </ul> 
          </div>

          <div class="col-sm-4 col-md-4 footer-center">
            <h4 class="center-title">聯絡我們</h4>
            <p>對系統有任何建議歡迎來信</p>
            <p><i class="icon-envelope"></i>
              Mail:<a class="btn btn-inverse btn-xs" href="mailto:smlsun@gmail.com?subject=MotoRanger-意見回饋"> smlsun@gmail.com</a></p>
          </div>

    </div>
  </div>
</div>


 
        

        <div class="footer-bottom">
          <div class="container">
            <div class="row show-grid">
              <div class="col-sm-12 col-md-12">
                <p>Template by bizstrap power by <a href="http://ccws.co">ccws</a></p>

              </div>
            </div>
          </div>
        </div>
      </footer>



    </div>

  </div>



  

  <script src="/tagit/js/tag-it.js?_debugResources=y&n=1392376577999" type="text/javascript" ></script>
<script src="/bizstrap/js/style-switcher.js?_debugResources=y&n=1392376577999" type="text/javascript" ></script>
<script src="/bizstrap/js/bootstrap.js?_debugResources=y&n=1392376577999" type="text/javascript" ></script>
<script src="/bizstrap/js/jquery.flexslider-min.js?_debugResources=y&n=1392376577999" type="text/javascript" ></script>
<script src="/bizstrap/js/jquery.isotope.js?_debugResources=y&n=1392376577999" type="text/javascript" ></script>
<script src="/bizstrap/js/jquery.fancybox.pack.js?v=2.1.0&_debugResources=y&n=1392376577999" type="text/javascript" ></script>
<script src="/bizstrap/rs-plugin/js/jquery.themepunch.plugins.min.js?_debugResources=y&n=1392376577999" type="text/javascript" ></script>
<script src="/bizstrap/rs-plugin/js/jquery.themepunch.revolution.js?_debugResources=y&n=1392376577999" type="text/javascript" ></script>
<script src="/bizstrap/js/revolution.custom.js?_debugResources=y&n=1392376577999" type="text/javascript" ></script>
<script src="/bizstrap/js/custom.js?_debugResources=y&n=1392376577999" type="text/javascript" ></script>
<script src="/js/fileuploader.js?_debugResources=y&n=1392376577999" type="text/javascript" ></script>
<script src="/jquery-plugins/jquery.migrate.min.js?_debugResources=y&n=1392376577999" type="text/javascript" ></script>
<script src="/jquery-plugins/jquery.textarea.js?_debugResources=y&n=1392376577999" type="text/javascript" ></script>
<script src="/jquery-plugins/jquery.jfontsize.js?_debugResources=y&n=1392376577999" type="text/javascript" ></script>
<script src="/jquery-plugins/jquery.cookie.js?_debugResources=y&n=1392376577999" type="text/javascript" ></script>
<script src="/jquery-plugins/jquery.masonry.js?_debugResources=y&n=1392376577999" type="text/javascript" ></script>
<script src="/jquery-plugins/jquery.lazyload.min.js?_debugResources=y&n=1392376577999" type="text/javascript" ></script>
<script src="/pagedown/Markdown.Converter.js?_debugResources=y&n=1392376577999" type="text/javascript" ></script>
<script src="/pagedown/Markdown.Sanitizer.js?_debugResources=y&n=1392376577999" type="text/javascript" ></script>
<script src="/pagedown/Markdown.Editor.js?_debugResources=y&n=1392376577999" type="text/javascript" ></script>
<script src="/js/common.js?_debugResources=y&n=1392376577999" type="text/javascript" ></script>
<script src="/bootstrap-ext/bootbox/bootbox.min.js?_debugResources=y&n=1392376577999" type="text/javascript" ></script>
<script src="/bootstrap-ext/datepicker/js/bootstrap-datepicker.js?_debugResources=y&n=1392376577999" type="text/javascript" ></script>
<script src="/bootstrap-ext/datepicker/js/locales/bootstrap-datepicker.zh-TW.js?_debugResources=y&n=1392376577999" type="text/javascript" ></script>
<script type="text/javascript">
  (function () {
    if(':歡迎使用 MotoRanger！讓我幫你記錄您愛車的一切，讓我們從點選下方「新增產品」建置屬於你的摩托開始！'!=='') {
      bootstrap_alert.warning(':歡迎使用 MotoRanger！讓我幫你記錄您愛車的一切，讓我們從點選下方「新增產品」建置屬於你的摩托開始！');
    }
  })();
  </script>



</body>
</html>

================================================================================
#Clicked [product-create] which resolved to a [class com.gargoylesoftware.htmlunit.html.HtmlAnchor]
Content of web window [TopLevelWindow[name=""]] changed
== Response was 200 (OK) headers: ==============================================
================================================================================
== Content =====================================================================
<!DOCTYPE html>
<html lang="en">
<head>
<meta http-equiv="Content-Type" content="text/html; charset=UTF-8"/>
[...]

      <testcase classname="motoranger.EventControllerSpec" name="Test the save action correctly persists an instance" time="0.714" />

      <testcase classname="motoranger.EventControllerSpec" name="Test that the show action returns the correct model" time="0.549" />

      <testcase classname="motoranger.EventControllerSpec" name="Test that the edit action returns the correct model" time="0.489" />

      <testcase classname="motoranger.EventControllerSpec" name="Test the update action performs an update on a valid domain instance" time="0.314" />

      <testcase classname="motoranger.EventControllerSpec" name="Test that the delete action deletes an instance if it exists" time="1.194" />

      <system-out><![CDATA[--Output from Test the create action returns the correct model--
--Output from Test the save action correctly persists an instance--
--Output from Test that the show action returns the correct model--
--Output from Test that the edit action returns the correct model--
--Output from Test the update action performs an update on a valid domain instance--
--Output from Test that the delete action deletes an instance if it exists--
]]></system-out>

      <system-err><![CDATA[--Output from Test the create action returns the correct model--
--Output from Test the save action correctly persists an instance--
--Output from Test that the show action returns the correct model--
--Output from Test that the edit action returns the correct model--
--Output from Test the update action performs an update on a valid domain instance--
--Output from Test that the delete action deletes an instance if it exists--
]]></system-err>

  </testsuite>
  <testsuite errors="0" failures="0" hostname="SpookytekiMacBook-Air.local" id="5" name="EventDetailControllerSpec" package="motoranger" tests="6" time="2.223" timestamp="2014-02-14T11:14:28">
      <properties />

      <testcase classname="motoranger.EventDetailControllerSpec" name="Test the create action returns the correct model" time="0.661" />

      <testcase classname="motoranger.EventDetailControllerSpec" name="Test the save action correctly persists an instance" time="0.336" />

      <testcase classname="motoranger.EventDetailControllerSpec" name="Test that the show action returns the correct model" time="0.298" />

      <testcase classname="motoranger.EventDetailControllerSpec" name="Test that the edit action returns the correct model" time="0.17" />

      <testcase classname="motoranger.EventDetailControllerSpec" name="Test the update action performs an update on a valid domain instance" time="0.179" />

      <testcase classname="motoranger.EventDetailControllerSpec" name="Test that the delete action deletes an instance if it exists" time="0.245" />

      <system-out><![CDATA[--Output from Test the create action returns the correct model--
--Output from Test the save action correctly persists an instance--
[name:eventDetail, part.id:1, part:[id:1], head.id:1, head:[id:1]]
--Output from Test that the show action returns the correct model--
[name:eventDetail, part.id:1, part:[id:1], head.id:1, head:[id:1]]
--Output from Test that the edit action returns the correct model--
[name:eventDetail, part.id:1, part:[id:1], head.id:1, head:[id:1]]
--Output from Test the update action performs an update on a valid domain instance--
[name:eventDetail, part.id:1, part:[id:1], head.id:1, head:[id:1]]
--Output from Test that the delete action deletes an instance if it exists--
[name:eventDetail, part.id:1, part:[id:1], head.id:1, head:[id:1]]
]]></system-out>

      <system-err><![CDATA[--Output from Test the create action returns the correct model--
--Output from Test the save action correctly persists an instance--
--Output from Test that the show action returns the correct model--
--Output from Test that the edit action returns the correct model--
--Output from Test the update action performs an update on a valid domain instance--
--Output from Test that the delete action deletes an instance if it exists--
]]></system-err>

  </testsuite>
  <testsuite errors="0" failures="0" hostname="SpookytekiMacBook-Air.local" id="6" name="EventDetailSecureFiltersSpec" package="motoranger" tests="2" time="1.915" timestamp="2014-02-14T11:14:30">
      <properties />

      <testcase classname="motoranger.EventDetailSecureFiltersSpec" name="使用者為 ROLE_OPERATOR 只可維護自己或所屬店家的事件細項" time="1.179" />

      <testcase classname="motoranger.EventDetailSecureFiltersSpec" name="使用者為 ROLE_CUSTOMER 只可維護自己的維修項目" time="0.371" />

      <system-out><![CDATA[--Output from 使用者為 ROLE_OPERATOR 只可維護自己或所屬店家的事件細項--
--Output from 使用者為 ROLE_CUSTOMER 只可維護自己的維修項目--
]]></system-out>

      <system-err><![CDATA[--Output from 使用者為 ROLE_OPERATOR 只可維護自己或所屬店家的事件細項--
--Output from 使用者為 ROLE_CUSTOMER 只可維護自己的維修項目--
]]></system-err>

  </testsuite>
  <testsuite errors="0" failures="0" hostname="SpookytekiMacBook-Air.local" id="7" name="EventSecureFiltersSpec" package="motoranger" tests="1" time="1.057" timestamp="2014-02-14T11:14:32">
      <properties />

      <testcase classname="motoranger.EventSecureFiltersSpec" name="使用者為 ROLE_OPERATOR 只可維護自己或所屬店家的事件" time="0.785" />

      <system-out><![CDATA[--Output from 使用者為 ROLE_OPERATOR 只可維護自己或所屬店家的事件--
]]></system-out>

      <system-err><![CDATA[--Output from 使用者為 ROLE_OPERATOR 只可維護自己或所屬店家的事件--
]]></system-err>

  </testsuite>
  <testsuite errors="0" failures="0" hostname="SpookytekiMacBook-Air.local" id="8" name="LoginSecureFiltersSpec" package="motoranger" tests="1" time="0.87" timestamp="2014-02-14T11:14:33">
      <properties />

      <testcase classname="motoranger.LoginSecureFiltersSpec" name="切換使用者，需要有 operator 或 manerger 的權限，並且只能切換所屬店家的使用者" time="0.637" />

      <system-out><![CDATA[--Output from 切換使用者，需要有 operator 或 manerger 的權限，並且只能切換所屬店家的使用者--
]]></system-out>

      <system-err><![CDATA[--Output from 切換使用者，需要有 operator 或 manerger 的權限，並且只能切換所屬店家的使用者--
]]></system-err>

  </testsuite>
  <testsuite errors="0" failures="0" hostname="SpookytekiMacBook-Air.local" id="9" name="PartControllerSpec" package="motoranger" tests="7" time="1.638" timestamp="2014-02-14T11:14:34">
      <properties />

      <testcase classname="motoranger.PartControllerSpec" name="Test the index action returns the correct model" time="0.521" />

      <testcase classname="motoranger.PartControllerSpec" name="Test the create action returns the correct model" time="0.121" />

      <testcase classname="motoranger.PartControllerSpec" name="Test the save action correctly persists an instance" time="0.158" />

      <testcase classname="motoranger.PartControllerSpec" name="Test that the show action returns the correct model" time="0.159" />

      <testcase classname="motoranger.PartControllerSpec" name="Test that the edit action returns the correct model" time="0.165" />

      <testcase classname="motoranger.PartControllerSpec" name="Test the update action performs an update on a valid domain instance" time="0.127" />

      <testcase classname="motoranger.PartControllerSpec" name="Test that the delete action deletes an instance if it exists" time="0.129" />

      <system-out><![CDATA[--Output from Test the index action returns the correct model--
--Output from Test the create action returns the correct model--
--Output from Test the save action correctly persists an instance--
--Output from Test that the show action returns the correct model--
--Output from Test that the edit action returns the correct model--
--Output from Test the update action performs an update on a valid domain instance--
--Output from Test that the delete action deletes an instance if it exists--
]]></system-out>

      <system-err><![CDATA[--Output from Test the index action returns the correct model--
--Output from Test the create action returns the correct model--
--Output from Test the save action correctly persists an instance--
--Output from Test that the show action returns the correct model--
--Output from Test that the edit action returns the correct model--
--Output from Test the update action performs an update on a valid domain instance--
--Output from Test that the delete action deletes an instance if it exists--
]]></system-err>

  </testsuite>
  <testsuite errors="0" failures="0" hostname="SpookytekiMacBook-Air.local" id="10" name="PartSecureFiltersSpec" package="motoranger" tests="2" time="1.649" timestamp="2014-02-14T11:14:36">
      <properties />

      <testcase classname="motoranger.PartSecureFiltersSpec" name="使用者為 ROLE_OPERATOR 只可維護屬於同一個 store 的 part" time="1.259" />

      <testcase classname="motoranger.PartSecureFiltersSpec" name="使用者為 ROLE_CUSTOMRE 只可維護自己的維修項目" time="0.196" />

      <system-out><![CDATA[--Output from 使用者為 ROLE_OPERATOR 只可維護屬於同一個 store 的 part--
--Output from 使用者為 ROLE_CUSTOMRE 只可維護自己的維修項目--
]]></system-out>

      <system-err><![CDATA[--Output from 使用者為 ROLE_OPERATOR 只可維護屬於同一個 store 的 part--
--Output from 使用者為 ROLE_CUSTOMRE 只可維護自己的維修項目--
]]></system-err>

  </testsuite>
  <testsuite errors="0" failures="0" hostname="SpookytekiMacBook-Air.local" id="11" name="PartSpec" package="motoranger" tests="1" time="0.368" timestamp="2014-02-14T11:14:37">
      <properties />

      <testcase classname="motoranger.PartSpec" name="Part.name unque with user and store" time="0.114" />

      <system-out><![CDATA[--Output from Part.name unque with user and store--
]]></system-out>

      <system-err><![CDATA[--Output from Part.name unque with user and store--
]]></system-err>

  </testsuite>
  <testsuite errors="0" failures="0" hostname="SpookytekiMacBook-Air.local" id="12" name="PostTests" package="motoranger" tests="1" time="3.319" timestamp="2014-02-14T11:14:18">
      <properties />

      <testcase classname="motoranger.PostTests" name="testAddPost" time="2.229" />

      <system-out><![CDATA[--Output from testAddPost--
]]></system-out>

      <system-err><![CDATA[--Output from testAddPost--
]]></system-err>

  </testsuite>
  <testsuite errors="0" failures="0" hostname="SpookytekiMacBook-Air.local" id="13" name="ProductControllerSpec" package="motoranger" tests="7" time="1.508" timestamp="2014-02-14T11:14:38">
      <properties />

      <testcase classname="motoranger.ProductControllerSpec" name="Test the create action returns the correct model" time="0.41" />

      <testcase classname="motoranger.ProductControllerSpec" name="Test the save action correctly persists an instance" time="0.179" />

      <testcase classname="motoranger.ProductControllerSpec" name="Test that the show action returns the correct model" time="0.111" />

      <testcase classname="motoranger.ProductControllerSpec" name="Test that the edit action returns the correct model" time="0.15" />

      <testcase classname="motoranger.ProductControllerSpec" name="Test the update action performs an update on a valid domain instance" time="0.158" />

      <testcase classname="motoranger.ProductControllerSpec" name="Test that the delete action deletes an instance if it exists" time="0.114" />

      <testcase classname="motoranger.ProductControllerSpec" name="move event form Product to another" time="0.118" />

      <system-out><![CDATA[--Output from Test the create action returns the correct model--
prdouct
--Output from Test the save action correctly persists an instance--
--Output from Test that the show action returns the correct model--
--Output from Test that the edit action returns the correct model--
--Output from Test the update action performs an update on a valid domain instance--
--Output from Test that the delete action deletes an instance if it exists--
--Output from move event form Product to another--
]]></system-out>

      <system-err><![CDATA[--Output from Test the create action returns the correct model--
--Output from Test the save action correctly persists an instance--
--Output from Test that the show action returns the correct model--
--Output from Test that the edit action returns the correct model--
--Output from Test the update action performs an update on a valid domain instance--
--Output from Test that the delete action deletes an instance if it exists--
--Output from move event form Product to another--
]]></system-err>

  </testsuite>
  <testsuite errors="0" failures="0" hostname="SpookytekiMacBook-Air.local" id="14" name="ProductSecureFiltersSpec" package="motoranger" tests="1" time="0.81" timestamp="2014-02-14T11:14:39">
      <properties />

      <testcase classname="motoranger.ProductSecureFiltersSpec" name="使用者為 ROLE_OPERATOR 只可維護未 enabled 的 user" time="0.617" />

      <system-out><![CDATA[--Output from 使用者為 ROLE_OPERATOR 只可維護未 enabled 的 user--
]]></system-out>

      <system-err><![CDATA[--Output from 使用者為 ROLE_OPERATOR 只可維護未 enabled 的 user--
]]></system-err>

  </testsuite>
  <testsuite errors="0" failures="0" hostname="SpookytekiMacBook-Air.local" id="15" name="ProductSpec" package="motoranger" tests="1" time="0.293" timestamp="2014-02-14T11:14:40">
      <properties />

      <testcase classname="motoranger.ProductSpec" name="product.name unique with user" time="0.103" />

      <system-out><![CDATA[--Output from product.name unique with user--
]]></system-out>

      <system-err><![CDATA[--Output from product.name unique with user--
]]></system-err>

  </testsuite>
  <testsuite errors="0" failures="0" hostname="SpookytekiMacBook-Air.local" id="16" name="RoleSpec" package="motoranger" tests="1" time="0.314" timestamp="2014-02-14T11:14:40">
      <properties />

      <testcase classname="motoranger.RoleSpec" name="測試建立 Role" time="0.084" />

      <system-out><![CDATA[--Output from 測試建立 Role--
]]></system-out>

      <system-err><![CDATA[--Output from 測試建立 Role--
]]></system-err>

  </testsuite>
  <testsuite errors="0" failures="0" hostname="SpookytekiMacBook-Air.local" id="17" name="StoreControllerSpec" package="motoranger" tests="7" time="1.342" timestamp="2014-02-14T11:14:41">
      <properties />

      <testcase classname="motoranger.StoreControllerSpec" name="Test the index action returns the correct model" time="0.408" />

      <testcase classname="motoranger.StoreControllerSpec" name="Test the create action returns the correct model" time="0.093" />

      <testcase classname="motoranger.StoreControllerSpec" name="Test the save action correctly persists an instance" time="0.156" />

      <testcase classname="motoranger.StoreControllerSpec" name="Test that the show action returns the correct model" time="0.158" />

      <testcase classname="motoranger.StoreControllerSpec" name="Test that the edit action returns the correct model" time="0.088" />

      <testcase classname="motoranger.StoreControllerSpec" name="Test the update action performs an update on a valid domain instance" time="0.087" />

      <testcase classname="motoranger.StoreControllerSpec" name="Test that the delete action deletes an instance if it exists" time="0.09" />

      <system-out><![CDATA[--Output from Test the index action returns the correct model--
--Output from Test the create action returns the correct model--
--Output from Test the save action correctly persists an instance--
--Output from Test that the show action returns the correct model--
--Output from Test that the edit action returns the correct model--
--Output from Test the update action performs an update on a valid domain instance--
--Output from Test that the delete action deletes an instance if it exists--
]]></system-out>

      <system-err><![CDATA[--Output from Test the index action returns the correct model--
--Output from Test the create action returns the correct model--
--Output from Test the save action correctly persists an instance--
--Output from Test that the show action returns the correct model--
--Output from Test that the edit action returns the correct model--
--Output from Test the update action performs an update on a valid domain instance--
--Output from Test that the delete action deletes an instance if it exists--
]]></system-err>

  </testsuite>
  <testsuite errors="0" failures="0" hostname="SpookytekiMacBook-Air.local" id="18" name="StoreSecureFiltersSpec" package="motoranger" tests="4" time="1.371" timestamp="2014-02-14T11:14:42">
      <properties />

      <testcase classname="motoranger.StoreSecureFiltersSpec" name="使用者為 ROLE_MANERGER 不可維護不屬於自己的店家" time="0.533" />

      <testcase classname="motoranger.StoreSecureFiltersSpec" name="使用者為 ROLE_MANERGER 可以維護自己的店家" time="0.229" />

      <testcase classname="motoranger.StoreSecureFiltersSpec" name="&#xa;    &#x9;當檢視 store 進行 show 的時候，filter 要新增 currentUserIsEventOwner 以及 eventDetailTotalPrice &#xa;    &#x9;分別標示可否編輯 event 以及是否可以看到總金額&#xa;    &#x9;" time="0.141" />

      <testcase classname="motoranger.StoreSecureFiltersSpec" name="&#xa;    &#x9;當檢視 store 進行 show 的時候，使用 filter 要能夠成功通過&#xa;    &#x9;" time="0.174" />

      <system-out><![CDATA[--Output from 使用者為 ROLE_MANERGER 不可維護不屬於自己的店家--
--Output from 使用者為 ROLE_MANERGER 可以維護自己的店家--
--Output from null--
--Output from null--
]]></system-out>

      <system-err><![CDATA[--Output from 使用者為 ROLE_MANERGER 不可維護不屬於自己的店家--
--Output from 使用者為 ROLE_MANERGER 可以維護自己的店家--
--Output from null--
--Output from null--
]]></system-err>

  </testsuite>
  <testsuite errors="0" failures="0" hostname="SpookytekiMacBook-Air.local" id="19" name="UserControllerSpec" package="motoranger" tests="7" time="1.635" timestamp="2014-02-14T11:14:44">
      <properties />

      <testcase classname="motoranger.UserControllerSpec" name="Test the index action returns the correct model" time="0.474" />

      <testcase classname="motoranger.UserControllerSpec" name="Test the create action returns the correct model" time="0.137" />

      <testcase classname="motoranger.UserControllerSpec" name="Test the save action correctly persists an instance" time="0.219" />

      <testcase classname="motoranger.UserControllerSpec" name="Test that the show action returns the correct model" time="0.122" />

      <testcase classname="motoranger.UserControllerSpec" name="Test that the edit action returns the correct model" time="0.116" />

      <testcase classname="motoranger.UserControllerSpec" name="Test the update action performs an update on a valid domain instance" time="0.129" />

      <testcase classname="motoranger.UserControllerSpec" name="Test that the delete action deletes an instance if it exists" time="0.207" />

      <system-out><![CDATA[--Output from Test the index action returns the correct model--
--Output from Test the create action returns the correct model--
--Output from Test the save action correctly persists an instance--
--Output from Test that the show action returns the correct model--
--Output from Test that the edit action returns the correct model--
--Output from Test the update action performs an update on a valid domain instance--
--Output from Test that the delete action deletes an instance if it exists--
]]></system-out>

      <system-err><![CDATA[--Output from Test the index action returns the correct model--
--Output from Test the create action returns the correct model--
--Output from Test the save action correctly persists an instance--
--Output from Test that the show action returns the correct model--
--Output from Test that the edit action returns the correct model--
--Output from Test the update action performs an update on a valid domain instance--
--Output from Test that the delete action deletes an instance if it exists--
]]></system-err>

  </testsuite>
  <testsuite errors="0" failures="0" hostname="SpookytekiMacBook-Air.local" id="20" name="UserSecureFiltersSpec" package="motoranger" tests="1" time="1.31" timestamp="2014-02-14T11:14:45">
      <properties />

      <testcase classname="motoranger.UserSecureFiltersSpec" name="使用者權限為客戶，不可維護其他使用者" time="1.301" />

      <system-out><![CDATA[--Output from 使用者權限為客戶，不可維護其他使用者--
]]></system-out>

      <system-err><![CDATA[--Output from 使用者權限為客戶，不可維護其他使用者--
]]></system-err>

  </testsuite>
</testsuites>
